<?xml version="1.0" encoding="UTF-8"?>
<!-- Generated by org.testng.reporters.JUnitReportReporter -->
<testsuite hostname="DartlandKitchen" name="ru.st.selenium.LoginTest" tests="1" failures="0" timestamp="6 Jun 2015 22:57:17 GMT" time="3.853" errors="0">
  <testcase name="testUntitled" time="3.853" classname="ru.st.selenium.LoginTest"/>
</testsuite> <!-- ru.st.selenium.LoginTest -->
