<?xml version="1.0" encoding="UTF-8"?>
<!-- Generated by org.testng.reporters.JUnitReportReporter -->
<testsuite hostname="DartlandKitchen" name="ru.st.selenium.LoginTest" tests="1" failures="0" timestamp="7 Jun 2015 13:16:29 GMT" time="12.949" errors="0">
  <testcase name="testUntitled" time="12.949" classname="ru.st.selenium.LoginTest"/>
</testsuite> <!-- ru.st.selenium.LoginTest -->
