<?xml version="1.0" encoding="UTF-8"?>
<!-- Generated by org.testng.reporters.JUnitReportReporter -->
<testsuite hostname="DartlandKitchen" name="ru.st.selenium.LoginTest" tests="1" failures="0" timestamp="6 Jun 2015 22:50:50 GMT" time="4.043" errors="0">
  <testcase name="testUntitled" time="4.043" classname="ru.st.selenium.LoginTest"/>
</testsuite> <!-- ru.st.selenium.LoginTest -->
