<?xml version="1.0" encoding="UTF-8"?>
<!-- Generated by org.testng.reporters.JUnitReportReporter -->
<testsuite hostname="DartlandKitchen" name="ru.st.selenium.LoginTest" tests="1" failures="0" timestamp="7 Jun 2015 12:07:35 GMT" time="14.634" errors="0">
  <testcase name="testUntitled" time="14.634" classname="ru.st.selenium.LoginTest"/>
</testsuite> <!-- ru.st.selenium.LoginTest -->
