<?xml version="1.0" encoding="UTF-8"?>
<!-- Generated by org.testng.reporters.JUnitReportReporter -->
<testsuite hostname="DartlandKitchen" name="ru.st.selenium.LoginTest" tests="1" failures="0" timestamp="8 Jun 2015 19:54:14 GMT" time="13.503" errors="0">
  <testcase name="testUntitled" time="13.503" classname="ru.st.selenium.LoginTest"/>
</testsuite> <!-- ru.st.selenium.LoginTest -->
