<?xml version="1.0" encoding="UTF-8"?>
<!-- Generated by org.testng.reporters.JUnitReportReporter -->
<testsuite hostname="DartlandKitchen" name="ru.st.selenium.pages.HomePageTest" tests="2" failures="0" timestamp="6 Jun 2015 22:44:17 GMT" time="0.249" errors="0">
  <testcase name="testH1Existing" time="0.249" classname="ru.st.selenium.pages.HomePageTest"/>
  <testcase name="test2" time="0.000" classname="ru.st.selenium.pages.HomePageTest"/>
</testsuite> <!-- ru.st.selenium.pages.HomePageTest -->
