<?xml version="1.0" encoding="UTF-8"?>
<!-- Generated by org.testng.reporters.JUnitReportReporter -->
<testsuite hostname="DartlandKitchen" name="ru.st.selenium.pages.HomePageTest" tests="2" failures="0" timestamp="6 Jun 2015 08:03:28 GMT" time="0.216" errors="0">
  <testcase name="testH1Existing" time="0.214" classname="ru.st.selenium.pages.HomePageTest"/>
  <testcase name="test2" time="0.002" classname="ru.st.selenium.pages.HomePageTest"/>
</testsuite> <!-- ru.st.selenium.pages.HomePageTest -->
